<?xml version="1.0" encoding="UTF-8"?>
<!-- Generated by org.testng.reporters.JUnitXMLReporter -->
<testsuite ignored="0" hostname="DESKTOP-VKC3IK2" failures="0" tests="4" name="EmployeeFeature" time="53.068" errors="0" timestamp="12 Sep 2021 11:13:51 GMT">
  <testcase classname="tests.employee.EmployeeTest" name="verifyByAddingUserDetails" time="15.157"/>
  <testcase classname="tests.employee.EmployeeTest" name="verifyByUploadingInvalidExtensionPhotograph" time="4.474"/>
  <testcase classname="tests.employee.EmployeeTest" name="verifyUploadingMoreThan1MbFile" time="17.708"/>
  <testcase classname="tests.employee.EmployeeTest" name="verifyBySearchingExistingEmployee" time="4.182"/>
</testsuite> <!-- EmployeeFeature -->
