<?xml version="1.0" encoding="UTF-8"?>
<!-- Generated by org.testng.reporters.JUnitXMLReporter -->
<testsuite ignored="0" hostname="DESKTOP-VKC3IK2" failures="0" tests="4" name="Default test" time="38.544" errors="0" timestamp="12 Sep 2021 05:18:59 GMT">
  <testcase classname="tests.employee.EmployeeTest" name="verifyByAddingUserDetails" time="14.164"/>
  <testcase classname="tests.employee.EmployeeTest" name="verifyByUploadingInvalidExtensionPhotograph" time="3.466"/>
  <testcase classname="tests.employee.EmployeeTest" name="verifyUploadingMoreThan1MbFile" time="5.797"/>
  <testcase classname="tests.employee.EmployeeTest" name="verifyBySearchingExistingEmployee" time="3.476"/>
</testsuite> <!-- Default test -->
