<?xml version="1.0" encoding="UTF-8"?>
<!-- Generated by org.testng.reporters.JUnitXMLReporter -->
<testsuite ignored="0" hostname="DESKTOP-VKC3IK2" failures="0" tests="6" name="Test" time="61.155" errors="0" timestamp="11 Sep 2021 14:03:05 GMT">
  <testcase classname="tests.login.LoginTest" name="verifyInvalidLoginAttempt" time="2.682"/>
  <testcase classname="tests.employee.EmployeeTest" name="verifyByAddingUserDetails" time="13.716"/>
  <testcase classname="tests.login.LoginTest" name="verifyValidLoginAttempt" time="5.118"/>
  <testcase classname="tests.employee.EmployeeTest" name="verifyByUploadingInvalidExtensionPhotograph" time="4.584"/>
  <testcase classname="tests.employee.EmployeeTest" name="verifyUploadingMoreThan1MbFile" time="5.345"/>
  <testcase classname="tests.employee.EmployeeTest" name="verifyBySearchingExistingEmployee" time="2.922"/>
</testsuite> <!-- Test -->
