<?xml version="1.0" encoding="UTF-8"?>
<!-- Generated by org.testng.reporters.JUnitXMLReporter -->
<testsuite ignored="2" hostname="DESKTOP-VKC3IK2" failures="0" tests="2" name="Command line test" time="153.321" errors="0" timestamp="12 Sep 2021 05:58:16 GMT">
  <testcase classname="tests.employee.EmployeeTest" name="verifyByAddingUserDetails" time="27.311"/>
  <testcase classname="tests.login.LoginTest" name="verifyInvalidLoginAttempt" time="2.593"/>
  <testcase classname="utilities.TestSetup" name="@BeforeSuite beforeSuite" time="0.0">
    <ignored/>
  </testcase> <!-- @BeforeSuite beforeSuite -->
  <testcase classname="utilities.TestSetup" name="@BeforeSuite beforeSuite" time="0.0">
    <ignored/>
  </testcase> <!-- @BeforeSuite beforeSuite -->
</testsuite> <!-- Command line test -->
