<?xml version="1.0" encoding="UTF-8"?>
<testng-results ignored="0" total="1" passed="1" failed="0" skipped="0">
  <reporter-output>
  </reporter-output>
  <suite started-at="2022-01-22T14:11:12Z" name="Default suite" finished-at="2022-01-22T14:11:42Z" duration-ms="29797">
    <groups>
    </groups>
    <test started-at="2022-01-22T14:11:12Z" name="Default test" finished-at="2022-01-22T14:11:42Z" duration-ms="29797">
      <class name="tests.quiz.QuizTest">
        <test-method is-config="true" signature="beforeSuite()[pri:0, instance:tests.quiz.QuizTest@5a7005d]" started-at="2022-01-22T14:11:12Z" name="beforeSuite" finished-at="2022-01-22T14:11:12Z" duration-ms="18" status="PASS">
          <reporter-output>
          </reporter-output>
        </test-method> <!-- beforeSuite -->
        <test-method is-config="true" signature="setUp(java.lang.String, java.lang.String)[pri:0, instance:tests.quiz.QuizTest@5a7005d]" started-at="2022-01-22T14:11:12Z" name="setUp" finished-at="2022-01-22T14:11:36Z" duration-ms="23539" status="PASS">
          <params>
            <param index="0">
              <value>
                <![CDATA[local]]>
              </value>
            </param>
            <param index="1">
              <value>
                <![CDATA[chrome]]>
              </value>
            </param>
          </params>
          <reporter-output>
          </reporter-output>
        </test-method> <!-- setUp -->
        <test-method is-config="true" signature="beforeMethod()[pri:0, instance:tests.quiz.QuizTest@5a7005d]" started-at="2022-01-22T14:11:36Z" name="beforeMethod" finished-at="2022-01-22T14:11:36Z" duration-ms="2" status="PASS">
          <reporter-output>
          </reporter-output>
        </test-method> <!-- beforeMethod -->
        <test-method signature="hotSpotBanana()[pri:0, instance:tests.quiz.QuizTest@5a7005d]" started-at="2022-01-22T14:11:36Z" name="hotSpotBanana" finished-at="2022-01-22T14:11:42Z" duration-ms="5736" status="PASS">
          <reporter-output>
          </reporter-output>
        </test-method> <!-- hotSpotBanana -->
        <test-method is-config="true" signature="afterMethod(org.testng.ITestResult)[pri:0, instance:tests.quiz.QuizTest@5a7005d]" started-at="2022-01-22T14:11:42Z" name="afterMethod" finished-at="2022-01-22T14:11:42Z" duration-ms="1" status="PASS">
          <params>
            <param index="0">
              <value>
                <![CDATA[[TestResult name=hotSpotBanana status=SUCCESS method=QuizTest.hotSpotBanana()[pri:0, instance:tests.quiz.QuizTest@5a7005d] output={null}]]]>
              </value>
            </param>
          </params>
          <reporter-output>
          </reporter-output>
        </test-method> <!-- afterMethod -->
      </class> <!-- tests.quiz.QuizTest -->
    </test> <!-- Default test -->
  </suite> <!-- Default suite -->
</testng-results>
